{"/Users/sergio.rodriguez/Projects/Community/AWS/UserGroupCbba/GitHub/ugsys/ugsys-admin-panel/admin-shell/src/config/api.ts": {"path":"/Users/sergio.rodriguez/Projects/Community/AWS/UserGroupCbba/GitHub/ugsys/ugsys-admin-panel/admin-shell/src/config/api.ts","all":false,"statementMap":{"4":{"start":{"line":5,"column":0},"end":{"line":5,"column":27}},"5":{"start":{"line":6,"column":0},"end":{"line":6,"column":9}},"6":{"start":{"line":7,"column":0},"end":{"line":7,"column":41}},"7":{"start":{"line":8,"column":0},"end":{"line":8,"column":43}},"8":{"start":{"line":9,"column":0},"end":{"line":9,"column":45}},"9":{"start":{"line":10,"column":0},"end":{"line":10,"column":35}},"10":{"start":{"line":11,"column":0},"end":{"line":11,"column":4}},"12":{"start":{"line":13,"column":0},"end":{"line":13,"column":13}},"13":{"start":{"line":14,"column":0},"end":{"line":14,"column":51}},"14":{"start":{"line":15,"column":0},"end":{"line":15,"column":49}},"15":{"start":{"line":16,"column":0},"end":{"line":16,"column":63}},"16":{"start":{"line":17,"column":0},"end":{"line":17,"column":4}},"18":{"start":{"line":19,"column":0},"end":{"line":19,"column":11}},"19":{"start":{"line":20,"column":0},"end":{"line":20,"column":49}},"20":{"start":{"line":21,"column":0},"end":{"line":21,"column":4}},"22":{"start":{"line":23,"column":0},"end":{"line":23,"column":10}},"23":{"start":{"line":24,"column":0},"end":{"line":24,"column":35}},"24":{"start":{"line":25,"column":0},"end":{"line":25,"column":69}},"25":{"start":{"line":26,"column":0},"end":{"line":26,"column":71}},"26":{"start":{"line":27,"column":0},"end":{"line":27,"column":4}},"28":{"start":{"line":29,"column":0},"end":{"line":29,"column":10}},"29":{"start":{"line":30,"column":0},"end":{"line":30,"column":40}},"30":{"start":{"line":31,"column":0},"end":{"line":31,"column":4}},"32":{"start":{"line":33,"column":0},"end":{"line":33,"column":10}},"33":{"start":{"line":34,"column":0},"end":{"line":34,"column":51}},"34":{"start":{"line":35,"column":0},"end":{"line":35,"column":45}},"35":{"start":{"line":36,"column":0},"end":{"line":36,"column":75}},"36":{"start":{"line":37,"column":0},"end":{"line":37,"column":4}},"37":{"start":{"line":38,"column":0},"end":{"line":38,"column":11}}},"s":{"4":1,"5":1,"6":1,"7":1,"8":1,"9":1,"10":1,"12":1,"13":1,"14":1,"15":1,"16":1,"18":1,"19":1,"20":1,"22":1,"23":1,"24":1,"25":1,"26":1,"28":1,"29":1,"30":1,"32":1,"33":1,"34":1,"35":1,"36":1,"37":1},"branchMap":{"0":{"type":"branch","line":15,"loc":{"start":{"line":15,"column":25},"end":{"line":16,"column":63}},"locations":[{"start":{"line":15,"column":25},"end":{"line":16,"column":63}}]},"1":{"type":"branch","line":25,"loc":{"start":{"line":25,"column":17},"end":{"line":25,"column":69}},"locations":[{"start":{"line":25,"column":17},"end":{"line":25,"column":69}}]},"2":{"type":"branch","line":26,"loc":{"start":{"line":26,"column":18},"end":{"line":26,"column":71}},"locations":[{"start":{"line":26,"column":18},"end":{"line":26,"column":71}}]},"3":{"type":"branch","line":34,"loc":{"start":{"line":34,"column":13},"end":{"line":35,"column":45}},"locations":[{"start":{"line":34,"column":13},"end":{"line":35,"column":45}}]},"4":{"type":"branch","line":36,"loc":{"start":{"line":36,"column":12},"end":{"line":36,"column":75}},"locations":[{"start":{"line":36,"column":12},"end":{"line":36,"column":75}}]}},"b":{"0":[1],"1":[1],"2":[1],"3":[1],"4":[1]},"fnMap":{"0":{"name":"serviceConfigSchema","decl":{"start":{"line":15,"column":25},"end":{"line":16,"column":63}},"loc":{"start":{"line":15,"column":25},"end":{"line":16,"column":63}},"line":15},"1":{"name":"updateRoles","decl":{"start":{"line":25,"column":17},"end":{"line":25,"column":69}},"loc":{"start":{"line":25,"column":17},"end":{"line":25,"column":69}},"line":25},"2":{"name":"updateStatus","decl":{"start":{"line":26,"column":18},"end":{"line":26,"column":71}},"loc":{"start":{"line":26,"column":18},"end":{"line":26,"column":71}},"line":26},"3":{"name":"request","decl":{"start":{"line":34,"column":13},"end":{"line":35,"column":45}},"loc":{"start":{"line":34,"column":13},"end":{"line":35,"column":45}},"line":34},"4":{"name":"config","decl":{"start":{"line":36,"column":12},"end":{"line":36,"column":75}},"loc":{"start":{"line":36,"column":12},"end":{"line":36,"column":75}},"line":36}},"f":{"0":1,"1":1,"2":1,"3":1,"4":1}}
,"/Users/sergio.rodriguez/Projects/Community/AWS/UserGroupCbba/GitHub/ugsys/ugsys-admin-panel/admin-shell/src/infrastructure/http/HttpClient.ts": {"path":"/Users/sergio.rodriguez/Projects/Community/AWS/UserGroupCbba/GitHub/ugsys/ugsys-admin-panel/admin-shell/src/infrastructure/http/HttpClient.ts","all":false,"statementMap":{"17":{"start":{"line":18,"column":0},"end":{"line":18,"column":75}},"19":{"start":{"line":20,"column":0},"end":{"line":20,"column":50}},"20":{"start":{"line":21,"column":0},"end":{"line":21,"column":31}},"21":{"start":{"line":22,"column":0},"end":{"line":22,"column":16}},"22":{"start":{"line":23,"column":0},"end":{"line":23,"column":50}},"23":{"start":{"line":24,"column":0},"end":{"line":24,"column":64}},"24":{"start":{"line":25,"column":0},"end":{"line":25,"column":1}},"26":{"start":{"line":27,"column":0},"end":{"line":27,"column":25}},"27":{"start":{"line":28,"column":0},"end":{"line":28,"column":52}},"30":{"start":{"line":31,"column":0},"end":{"line":31,"column":44}},"33":{"start":{"line":34,"column":0},"end":{"line":34,"column":63}},"35":{"start":{"line":36,"column":0},"end":{"line":36,"column":65}},"37":{"start":{"line":38,"column":0},"end":{"line":38,"column":26}},"39":{"start":{"line":40,"column":0},"end":{"line":40,"column":36}},"40":{"start":{"line":41,"column":0},"end":{"line":41,"column":31}},"41":{"start":{"line":42,"column":0},"end":{"line":42,"column":45}},"42":{"start":{"line":43,"column":0},"end":{"line":43,"column":5}},"43":{"start":{"line":44,"column":0},"end":{"line":44,"column":31}},"44":{"start":{"line":45,"column":0},"end":{"line":45,"column":3}},"47":{"start":{"line":48,"column":0},"end":{"line":48,"column":63}},"48":{"start":{"line":49,"column":0},"end":{"line":49,"column":40}},"49":{"start":{"line":50,"column":0},"end":{"line":50,"column":3}},"52":{"start":{"line":53,"column":0},"end":{"line":53,"column":46}},"53":{"start":{"line":54,"column":0},"end":{"line":54,"column":29}},"54":{"start":{"line":55,"column":0},"end":{"line":55,"column":3}},"56":{"start":{"line":57,"column":0},"end":{"line":57,"column":35}},"57":{"start":{"line":58,"column":0},"end":{"line":58,"column":28}},"58":{"start":{"line":59,"column":0},"end":{"line":59,"column":3}},"64":{"start":{"line":65,"column":0},"end":{"line":65,"column":65}},"65":{"start":{"line":66,"column":0},"end":{"line":66,"column":73}},"66":{"start":{"line":67,"column":0},"end":{"line":67,"column":41}},"67":{"start":{"line":68,"column":0},"end":{"line":68,"column":3}},"69":{"start":{"line":70,"column":0},"end":{"line":70,"column":81}},"70":{"start":{"line":71,"column":0},"end":{"line":71,"column":46}},"71":{"start":{"line":72,"column":0},"end":{"line":72,"column":14}},"72":{"start":{"line":73,"column":0},"end":{"line":73,"column":21}},"73":{"start":{"line":74,"column":0},"end":{"line":74,"column":33}},"74":{"start":{"line":75,"column":0},"end":{"line":75,"column":7}},"75":{"start":{"line":76,"column":0},"end":{"line":76,"column":41}},"76":{"start":{"line":77,"column":0},"end":{"line":77,"column":3}},"78":{"start":{"line":79,"column":0},"end":{"line":79,"column":80}},"79":{"start":{"line":80,"column":0},"end":{"line":80,"column":46}},"80":{"start":{"line":81,"column":0},"end":{"line":81,"column":14}},"81":{"start":{"line":82,"column":0},"end":{"line":82,"column":20}},"82":{"start":{"line":83,"column":0},"end":{"line":83,"column":33}},"83":{"start":{"line":84,"column":0},"end":{"line":84,"column":7}},"84":{"start":{"line":85,"column":0},"end":{"line":85,"column":41}},"85":{"start":{"line":86,"column":0},"end":{"line":86,"column":3}},"95":{"start":{"line":96,"column":0},"end":{"line":96,"column":73}},"96":{"start":{"line":97,"column":0},"end":{"line":97,"column":60}},"98":{"start":{"line":99,"column":0},"end":{"line":99,"column":34}},"99":{"start":{"line":100,"column":0},"end":{"line":100,"column":22}},"100":{"start":{"line":101,"column":0},"end":{"line":101,"column":5}},"103":{"start":{"line":104,"column":0},"end":{"line":104,"column":48}},"105":{"start":{"line":106,"column":0},"end":{"line":106,"column":20}},"107":{"start":{"line":108,"column":0},"end":{"line":108,"column":32}},"108":{"start":{"line":109,"column":0},"end":{"line":109,"column":22}},"109":{"start":{"line":110,"column":0},"end":{"line":110,"column":5}},"112":{"start":{"line":113,"column":0},"end":{"line":113,"column":44}},"113":{"start":{"line":114,"column":0},"end":{"line":114,"column":3}},"119":{"start":{"line":120,"column":0},"end":{"line":120,"column":85}},"120":{"start":{"line":121,"column":0},"end":{"line":121,"column":56}},"121":{"start":{"line":122,"column":0},"end":{"line":122,"column":46}},"124":{"start":{"line":125,"column":0},"end":{"line":125,"column":66}},"125":{"start":{"line":126,"column":0},"end":{"line":126,"column":54}},"126":{"start":{"line":127,"column":0},"end":{"line":127,"column":5}},"129":{"start":{"line":130,"column":0},"end":{"line":130,"column":27}},"130":{"start":{"line":131,"column":0},"end":{"line":131,"column":65}},"131":{"start":{"line":132,"column":0},"end":{"line":132,"column":5}},"134":{"start":{"line":135,"column":0},"end":{"line":135,"column":45}},"135":{"start":{"line":136,"column":0},"end":{"line":136,"column":49}},"136":{"start":{"line":137,"column":0},"end":{"line":137,"column":22}},"137":{"start":{"line":138,"column":0},"end":{"line":138,"column":47}},"138":{"start":{"line":139,"column":0},"end":{"line":139,"column":7}},"139":{"start":{"line":140,"column":0},"end":{"line":140,"column":5}},"141":{"start":{"line":142,"column":0},"end":{"line":142,"column":52}},"142":{"start":{"line":143,"column":0},"end":{"line":143,"column":3}},"149":{"start":{"line":150,"column":0},"end":{"line":150,"column":51}},"150":{"start":{"line":151,"column":0},"end":{"line":151,"column":30}},"151":{"start":{"line":152,"column":0},"end":{"line":152,"column":33}},"152":{"start":{"line":153,"column":0},"end":{"line":153,"column":5}},"154":{"start":{"line":155,"column":0},"end":{"line":155,"column":58}},"155":{"start":{"line":156,"column":0},"end":{"line":156,"column":33}},"156":{"start":{"line":157,"column":0},"end":{"line":157,"column":7}},"158":{"start":{"line":159,"column":0},"end":{"line":159,"column":31}},"159":{"start":{"line":160,"column":0},"end":{"line":160,"column":3}},"161":{"start":{"line":162,"column":0},"end":{"line":162,"column":53}},"162":{"start":{"line":163,"column":0},"end":{"line":163,"column":9}},"165":{"start":{"line":166,"column":0},"end":{"line":166,"column":60}},"166":{"start":{"line":167,"column":0},"end":{"line":167,"column":23}},"167":{"start":{"line":168,"column":0},"end":{"line":168,"column":31}},"168":{"start":{"line":169,"column":0},"end":{"line":169,"column":9}},"170":{"start":{"line":171,"column":0},"end":{"line":171,"column":25}},"171":{"start":{"line":172,"column":0},"end":{"line":172,"column":20}},"172":{"start":{"line":173,"column":0},"end":{"line":173,"column":7}},"174":{"start":{"line":175,"column":0},"end":{"line":175,"column":71}},"175":{"start":{"line":176,"column":0},"end":{"line":176,"column":48}},"177":{"start":{"line":178,"column":0},"end":{"line":178,"column":21}},"178":{"start":{"line":179,"column":0},"end":{"line":179,"column":36}},"179":{"start":{"line":180,"column":0},"end":{"line":180,"column":7}},"181":{"start":{"line":182,"column":0},"end":{"line":182,"column":22}},"182":{"start":{"line":183,"column":0},"end":{"line":183,"column":13}},"183":{"start":{"line":184,"column":0},"end":{"line":184,"column":18}},"184":{"start":{"line":185,"column":0},"end":{"line":185,"column":5}},"185":{"start":{"line":186,"column":0},"end":{"line":186,"column":3}},"187":{"start":{"line":188,"column":0},"end":{"line":188,"column":38}},"188":{"start":{"line":189,"column":0},"end":{"line":189,"column":28}},"189":{"start":{"line":190,"column":0},"end":{"line":190,"column":35}},"190":{"start":{"line":191,"column":0},"end":{"line":191,"column":33}},"191":{"start":{"line":192,"column":0},"end":{"line":192,"column":5}},"192":{"start":{"line":193,"column":0},"end":{"line":193,"column":3}},"199":{"start":{"line":200,"column":0},"end":{"line":200,"column":33}},"200":{"start":{"line":201,"column":0},"end":{"line":201,"column":31}},"201":{"start":{"line":202,"column":0},"end":{"line":202,"column":3}},"202":{"start":{"line":203,"column":0},"end":{"line":203,"column":1}}},"s":{"17":1,"19":8,"20":8,"21":8,"22":8,"23":8,"24":8,"26":1,"27":1,"30":1,"33":24,"35":24,"37":1,"39":1,"40":25,"41":24,"42":24,"43":25,"44":25,"47":1,"48":4,"49":4,"52":1,"53":5,"54":5,"56":1,"57":6,"58":6,"64":1,"65":1,"66":1,"67":1,"69":1,"70":1,"71":1,"72":1,"73":1,"74":1,"75":1,"76":1,"78":1,"79":1,"80":1,"81":1,"82":1,"83":1,"84":1,"85":1,"95":1,"96":18,"98":18,"99":12,"100":12,"103":6,"105":18,"107":4,"108":4,"109":4,"112":2,"113":18,"119":1,"120":20,"121":20,"124":20,"125":6,"126":6,"129":20,"130":4,"131":4,"134":20,"135":8,"136":8,"137":3,"138":3,"139":8,"141":20,"142":20,"149":1,"150":6,"151":0,"152":0,"154":6,"155":6,"156":6,"158":6,"159":6,"161":1,"162":6,"165":6,"166":6,"167":6,"168":6,"170":6,"171":3,"172":3,"174":2,"175":6,"177":6,"178":2,"179":2,"181":2,"182":6,"183":1,"184":1,"185":6,"187":1,"188":4,"189":4,"190":4,"191":4,"192":4,"199":1,"200":24,"201":24,"202":1},"branchMap":{"0":{"type":"branch","line":20,"loc":{"start":{"line":20,"column":0},"end":{"line":25,"column":1}},"locations":[{"start":{"line":20,"column":0},"end":{"line":25,"column":1}}]},"1":{"type":"branch","line":24,"loc":{"start":{"line":24,"column":9},"end":{"line":24,"column":59}},"locations":[{"start":{"line":24,"column":9},"end":{"line":24,"column":59}}]},"2":{"type":"branch","line":24,"loc":{"start":{"line":24,"column":55},"end":{"line":24,"column":64}},"locations":[{"start":{"line":24,"column":55},"end":{"line":24,"column":64}}]},"3":{"type":"branch","line":23,"loc":{"start":{"line":23,"column":10},"end":{"line":23,"column":48}},"locations":[{"start":{"line":23,"column":10},"end":{"line":23,"column":48}}]},"4":{"type":"branch","line":28,"loc":{"start":{"line":28,"column":2},"end":{"line":28,"column":52}},"locations":[{"start":{"line":28,"column":2},"end":{"line":28,"column":52}}]},"5":{"type":"branch","line":31,"loc":{"start":{"line":31,"column":10},"end":{"line":36,"column":65}},"locations":[{"start":{"line":31,"column":10},"end":{"line":36,"column":65}}]},"6":{"type":"branch","line":38,"loc":{"start":{"line":38,"column":10},"end":{"line":38,"column":26}},"locations":[{"start":{"line":38,"column":10},"end":{"line":38,"column":26}}]},"7":{"type":"branch","line":40,"loc":{"start":{"line":40,"column":9},"end":{"line":45,"column":3}},"locations":[{"start":{"line":40,"column":9},"end":{"line":45,"column":3}}]},"8":{"type":"branch","line":41,"loc":{"start":{"line":41,"column":30},"end":{"line":43,"column":5}},"locations":[{"start":{"line":41,"column":30},"end":{"line":43,"column":5}}]},"9":{"type":"branch","line":48,"loc":{"start":{"line":48,"column":2},"end":{"line":50,"column":3}},"locations":[{"start":{"line":48,"column":2},"end":{"line":50,"column":3}}]},"10":{"type":"branch","line":53,"loc":{"start":{"line":53,"column":2},"end":{"line":55,"column":3}},"locations":[{"start":{"line":53,"column":2},"end":{"line":55,"column":3}}]},"11":{"type":"branch","line":57,"loc":{"start":{"line":57,"column":2},"end":{"line":59,"column":3}},"locations":[{"start":{"line":57,"column":2},"end":{"line":59,"column":3}}]},"12":{"type":"branch","line":65,"loc":{"start":{"line":65,"column":2},"end":{"line":68,"column":3}},"locations":[{"start":{"line":65,"column":2},"end":{"line":68,"column":3}}]},"13":{"type":"branch","line":70,"loc":{"start":{"line":70,"column":2},"end":{"line":77,"column":3}},"locations":[{"start":{"line":70,"column":2},"end":{"line":77,"column":3}}]},"14":{"type":"branch","line":79,"loc":{"start":{"line":79,"column":2},"end":{"line":86,"column":3}},"locations":[{"start":{"line":79,"column":2},"end":{"line":86,"column":3}}]},"15":{"type":"branch","line":96,"loc":{"start":{"line":96,"column":2},"end":{"line":114,"column":3}},"locations":[{"start":{"line":96,"column":2},"end":{"line":114,"column":3}}]},"16":{"type":"branch","line":99,"loc":{"start":{"line":99,"column":33},"end":{"line":101,"column":5}},"locations":[{"start":{"line":99,"column":33},"end":{"line":101,"column":5}}]},"17":{"type":"branch","line":101,"loc":{"start":{"line":101,"column":4},"end":{"line":106,"column":19}},"locations":[{"start":{"line":101,"column":4},"end":{"line":106,"column":19}}]},"18":{"type":"branch","line":106,"loc":{"start":{"line":106,"column":19},"end":{"line":110,"column":5}},"locations":[{"start":{"line":106,"column":19},"end":{"line":110,"column":5}}]},"19":{"type":"branch","line":110,"loc":{"start":{"line":110,"column":4},"end":{"line":113,"column":44}},"locations":[{"start":{"line":110,"column":4},"end":{"line":113,"column":44}}]},"20":{"type":"branch","line":120,"loc":{"start":{"line":120,"column":2},"end":{"line":143,"column":3}},"locations":[{"start":{"line":120,"column":2},"end":{"line":143,"column":3}}]},"21":{"type":"branch","line":121,"loc":{"start":{"line":121,"column":25},"end":{"line":121,"column":42}},"locations":[{"start":{"line":121,"column":25},"end":{"line":121,"column":42}}]},"22":{"type":"branch","line":125,"loc":{"start":{"line":125,"column":22},"end":{"line":125,"column":65}},"locations":[{"start":{"line":125,"column":22},"end":{"line":125,"column":65}}]},"23":{"type":"branch","line":125,"loc":{"start":{"line":125,"column":65},"end":{"line":127,"column":5}},"locations":[{"start":{"line":125,"column":65},"end":{"line":127,"column":5}}]},"24":{"type":"branch","line":130,"loc":{"start":{"line":130,"column":26},"end":{"line":132,"column":5}},"locations":[{"start":{"line":130,"column":26},"end":{"line":132,"column":5}}]},"25":{"type":"branch","line":135,"loc":{"start":{"line":135,"column":44},"end":{"line":140,"column":5}},"locations":[{"start":{"line":135,"column":44},"end":{"line":140,"column":5}}]},"26":{"type":"branch","line":137,"loc":{"start":{"line":137,"column":21},"end":{"line":139,"column":7}},"locations":[{"start":{"line":137,"column":21},"end":{"line":139,"column":7}}]},"27":{"type":"branch","line":150,"loc":{"start":{"line":150,"column":10},"end":{"line":160,"column":3}},"locations":[{"start":{"line":150,"column":10},"end":{"line":160,"column":3}}]},"28":{"type":"branch","line":151,"loc":{"start":{"line":151,"column":29},"end":{"line":153,"column":5}},"locations":[{"start":{"line":151,"column":29},"end":{"line":153,"column":5}}]},"29":{"type":"branch","line":155,"loc":{"start":{"line":155,"column":51},"end":{"line":157,"column":5}},"locations":[{"start":{"line":155,"column":51},"end":{"line":157,"column":5}}]},"30":{"type":"branch","line":162,"loc":{"start":{"line":162,"column":2},"end":{"line":186,"column":3}},"locations":[{"start":{"line":162,"column":2},"end":{"line":186,"column":3}}]},"31":{"type":"branch","line":169,"loc":{"start":{"line":169,"column":7},"end":{"line":171,"column":24}},"locations":[{"start":{"line":169,"column":7},"end":{"line":171,"column":24}}]},"32":{"type":"branch","line":171,"loc":{"start":{"line":171,"column":24},"end":{"line":173,"column":7}},"locations":[{"start":{"line":171,"column":24},"end":{"line":173,"column":7}}]},"33":{"type":"branch","line":173,"loc":{"start":{"line":173,"column":6},"end":{"line":176,"column":43}},"locations":[{"start":{"line":173,"column":6},"end":{"line":176,"column":43}}]},"34":{"type":"branch","line":176,"loc":{"start":{"line":176,"column":28},"end":{"line":176,"column":48}},"locations":[{"start":{"line":176,"column":28},"end":{"line":176,"column":48}}]},"35":{"type":"branch","line":178,"loc":{"start":{"line":178,"column":20},"end":{"line":183,"column":12}},"locations":[{"start":{"line":178,"column":20},"end":{"line":183,"column":12}}]},"36":{"type":"branch","line":183,"loc":{"start":{"line":183,"column":4},"end":{"line":185,"column":5}},"locations":[{"start":{"line":183,"column":4},"end":{"line":185,"column":5}}]},"37":{"type":"branch","line":188,"loc":{"start":{"line":188,"column":10},"end":{"line":193,"column":3}},"locations":[{"start":{"line":188,"column":10},"end":{"line":193,"column":3}}]},"38":{"type":"branch","line":200,"loc":{"start":{"line":200,"column":9},"end":{"line":202,"column":3}},"locations":[{"start":{"line":200,"column":9},"end":{"line":202,"column":3}}]}},"b":{"0":[8],"1":[3],"2":[5],"3":[8],"4":[4],"5":[24],"6":[24],"7":[25],"8":[24],"9":[4],"10":[5],"11":[6],"12":[1],"13":[1],"14":[1],"15":[18],"16":[12],"17":[6],"18":[4],"19":[2],"20":[20],"21":[10],"22":[7],"23":[6],"24":[4],"25":[8],"26":[3],"27":[6],"28":[0],"29":[6],"30":[6],"31":[5],"32":[3],"33":[2],"34":[0],"35":[2],"36":[1],"37":[4],"38":[24]},"fnMap":{"0":{"name":"getCsrfTokenFromCookie","decl":{"start":{"line":20,"column":0},"end":{"line":25,"column":1}},"loc":{"start":{"line":20,"column":0},"end":{"line":25,"column":1}},"line":20},"1":{"name":"<static_initializer>","decl":{"start":{"line":28,"column":2},"end":{"line":28,"column":52}},"loc":{"start":{"line":28,"column":2},"end":{"line":28,"column":52}},"line":28},"2":{"name":"<instance_members_initializer>","decl":{"start":{"line":31,"column":10},"end":{"line":36,"column":65}},"loc":{"start":{"line":31,"column":10},"end":{"line":36,"column":65}},"line":31},"3":{"name":"HttpClient","decl":{"start":{"line":38,"column":10},"end":{"line":38,"column":26}},"loc":{"start":{"line":38,"column":10},"end":{"line":38,"column":26}},"line":38},"4":{"name":"getInstance","decl":{"start":{"line":40,"column":9},"end":{"line":45,"column":3}},"loc":{"start":{"line":40,"column":9},"end":{"line":45,"column":3}},"line":40},"5":{"name":"setForceLogoutCallback","decl":{"start":{"line":48,"column":2},"end":{"line":50,"column":3}},"loc":{"start":{"line":48,"column":2},"end":{"line":50,"column":3}},"line":48},"6":{"name":"setAccessToken","decl":{"start":{"line":53,"column":2},"end":{"line":55,"column":3}},"loc":{"start":{"line":53,"column":2},"end":{"line":55,"column":3}},"line":53},"7":{"name":"getAccessToken","decl":{"start":{"line":57,"column":2},"end":{"line":59,"column":3}},"loc":{"start":{"line":57,"column":2},"end":{"line":59,"column":3}},"line":57},"8":{"name":"getJson","decl":{"start":{"line":65,"column":2},"end":{"line":68,"column":3}},"loc":{"start":{"line":65,"column":2},"end":{"line":68,"column":3}},"line":65},"9":{"name":"postJson","decl":{"start":{"line":70,"column":2},"end":{"line":77,"column":3}},"loc":{"start":{"line":70,"column":2},"end":{"line":77,"column":3}},"line":70},"10":{"name":"putJson","decl":{"start":{"line":79,"column":2},"end":{"line":86,"column":3}},"loc":{"start":{"line":79,"column":2},"end":{"line":86,"column":3}},"line":79},"11":{"name":"request","decl":{"start":{"line":96,"column":2},"end":{"line":114,"column":3}},"loc":{"start":{"line":96,"column":2},"end":{"line":114,"column":3}},"line":96},"12":{"name":"fetchWithHeaders","decl":{"start":{"line":120,"column":2},"end":{"line":143,"column":3}},"loc":{"start":{"line":120,"column":2},"end":{"line":143,"column":3}},"line":120},"13":{"name":"silentRefresh","decl":{"start":{"line":150,"column":10},"end":{"line":160,"column":3}},"loc":{"start":{"line":150,"column":10},"end":{"line":160,"column":3}},"line":150},"14":{"name":"doRefresh","decl":{"start":{"line":162,"column":2},"end":{"line":186,"column":3}},"loc":{"start":{"line":162,"column":2},"end":{"line":186,"column":3}},"line":162},"15":{"name":"triggerForceLogout","decl":{"start":{"line":188,"column":10},"end":{"line":193,"column":3}},"loc":{"start":{"line":188,"column":10},"end":{"line":193,"column":3}},"line":188},"16":{"name":"_resetInstance","decl":{"start":{"line":200,"column":9},"end":{"line":202,"column":3}},"loc":{"start":{"line":200,"column":9},"end":{"line":202,"column":3}},"line":200}},"f":{"0":8,"1":4,"2":24,"3":24,"4":25,"5":4,"6":5,"7":6,"8":1,"9":1,"10":1,"11":18,"12":20,"13":6,"14":6,"15":4,"16":24}}
,"/Users/sergio.rodriguez/Projects/Community/AWS/UserGroupCbba/GitHub/ugsys/ugsys-admin-panel/admin-shell/src/stores/authStore.ts": {"path":"/Users/sergio.rodriguez/Projects/Community/AWS/UserGroupCbba/GitHub/ugsys/ugsys-admin-panel/admin-shell/src/stores/authStore.ts","all":false,"statementMap":{"0":{"start":{"line":1,"column":0},"end":{"line":1,"column":3}},"24":{"start":{"line":25,"column":0},"end":{"line":25,"column":45}},"28":{"start":{"line":29,"column":0},"end":{"line":29,"column":50}},"29":{"start":{"line":30,"column":0},"end":{"line":30,"column":47}},"30":{"start":{"line":31,"column":0},"end":{"line":31,"column":48}},"34":{"start":{"line":35,"column":0},"end":{"line":35,"column":73}},"38":{"start":{"line":39,"column":0},"end":{"line":39,"column":44}},"40":{"start":{"line":41,"column":0},"end":{"line":41,"column":40}},"41":{"start":{"line":42,"column":0},"end":{"line":42,"column":15}},"42":{"start":{"line":43,"column":0},"end":{"line":43,"column":37}},"43":{"start":{"line":44,"column":0},"end":{"line":44,"column":3}},"44":{"start":{"line":45,"column":0},"end":{"line":45,"column":15}},"45":{"start":{"line":46,"column":0},"end":{"line":46,"column":1}},"53":{"start":{"line":54,"column":0},"end":{"line":54,"column":77}},"54":{"start":{"line":55,"column":0},"end":{"line":55,"column":23}},"55":{"start":{"line":56,"column":0},"end":{"line":56,"column":19}},"57":{"start":{"line":58,"column":0},"end":{"line":58,"column":60}},"59":{"start":{"line":60,"column":0},"end":{"line":60,"column":7}},"60":{"start":{"line":61,"column":0},"end":{"line":61,"column":56}},"61":{"start":{"line":62,"column":0},"end":{"line":62,"column":20}},"62":{"start":{"line":63,"column":0},"end":{"line":63,"column":61}},"63":{"start":{"line":64,"column":0},"end":{"line":64,"column":17}},"64":{"start":{"line":65,"column":0},"end":{"line":65,"column":72}},"65":{"start":{"line":66,"column":0},"end":{"line":66,"column":24}},"66":{"start":{"line":67,"column":0},"end":{"line":67,"column":52}},"67":{"start":{"line":68,"column":0},"end":{"line":68,"column":13}},"68":{"start":{"line":69,"column":0},"end":{"line":69,"column":26}},"69":{"start":{"line":70,"column":0},"end":{"line":70,"column":3}},"70":{"start":{"line":71,"column":0},"end":{"line":71,"column":1}},"76":{"start":{"line":77,"column":0},"end":{"line":77,"column":47}},"77":{"start":{"line":78,"column":0},"end":{"line":78,"column":23}},"78":{"start":{"line":79,"column":0},"end":{"line":79,"column":19}},"80":{"start":{"line":81,"column":0},"end":{"line":81,"column":61}},"82":{"start":{"line":83,"column":0},"end":{"line":83,"column":7}},"83":{"start":{"line":84,"column":0},"end":{"line":84,"column":29}},"84":{"start":{"line":85,"column":0},"end":{"line":85,"column":37}},"85":{"start":{"line":86,"column":0},"end":{"line":86,"column":17}},"86":{"start":{"line":87,"column":0},"end":{"line":87,"column":73}},"87":{"start":{"line":88,"column":0},"end":{"line":88,"column":68}},"88":{"start":{"line":89,"column":0},"end":{"line":89,"column":21}},"89":{"start":{"line":90,"column":0},"end":{"line":90,"column":7}},"90":{"start":{"line":91,"column":0},"end":{"line":91,"column":13}},"91":{"start":{"line":92,"column":0},"end":{"line":92,"column":20}},"92":{"start":{"line":93,"column":0},"end":{"line":93,"column":26}},"93":{"start":{"line":94,"column":0},"end":{"line":94,"column":3}},"94":{"start":{"line":95,"column":0},"end":{"line":95,"column":1}},"101":{"start":{"line":102,"column":0},"end":{"line":102,"column":55}},"102":{"start":{"line":103,"column":0},"end":{"line":103,"column":23}},"103":{"start":{"line":104,"column":0},"end":{"line":104,"column":19}},"105":{"start":{"line":106,"column":0},"end":{"line":106,"column":44}},"107":{"start":{"line":108,"column":0},"end":{"line":108,"column":7}},"108":{"start":{"line":109,"column":0},"end":{"line":109,"column":50}},"109":{"start":{"line":110,"column":0},"end":{"line":110,"column":20}},"110":{"start":{"line":111,"column":0},"end":{"line":111,"column":61}},"111":{"start":{"line":112,"column":0},"end":{"line":112,"column":18}},"113":{"start":{"line":114,"column":0},"end":{"line":114,"column":20}},"114":{"start":{"line":115,"column":0},"end":{"line":115,"column":44}},"115":{"start":{"line":116,"column":0},"end":{"line":116,"column":13}},"116":{"start":{"line":117,"column":0},"end":{"line":117,"column":26}},"117":{"start":{"line":118,"column":0},"end":{"line":118,"column":3}},"118":{"start":{"line":119,"column":0},"end":{"line":119,"column":1}}},"s":{"0":1,"24":1,"28":1,"29":1,"30":1,"34":1,"38":1,"40":12,"41":12,"42":1,"43":1,"44":12,"45":12,"53":6,"54":6,"55":6,"57":6,"59":6,"60":6,"61":3,"62":3,"63":3,"64":3,"65":3,"66":3,"67":6,"68":6,"69":6,"70":6,"76":3,"77":3,"78":3,"80":3,"82":3,"83":3,"84":2,"85":3,"86":1,"87":1,"88":1,"89":1,"90":3,"91":3,"92":3,"93":3,"94":3,"101":3,"102":3,"103":3,"105":3,"107":3,"108":3,"109":2,"110":2,"111":3,"113":1,"114":1,"115":3,"116":3,"117":3,"118":3},"branchMap":{"0":{"type":"branch","line":35,"loc":{"start":{"line":35,"column":48},"end":{"line":35,"column":71}},"locations":[{"start":{"line":35,"column":48},"end":{"line":35,"column":71}}]},"1":{"type":"branch","line":41,"loc":{"start":{"line":41,"column":0},"end":{"line":46,"column":1}},"locations":[{"start":{"line":41,"column":0},"end":{"line":46,"column":1}}]},"2":{"type":"branch","line":42,"loc":{"start":{"line":42,"column":14},"end":{"line":44,"column":3}},"locations":[{"start":{"line":42,"column":14},"end":{"line":44,"column":3}}]},"3":{"type":"branch","line":54,"loc":{"start":{"line":54,"column":0},"end":{"line":71,"column":1}},"locations":[{"start":{"line":54,"column":0},"end":{"line":71,"column":1}}]},"4":{"type":"branch","line":61,"loc":{"start":{"line":61,"column":54},"end":{"line":68,"column":4}},"locations":[{"start":{"line":61,"column":54},"end":{"line":68,"column":4}}]},"5":{"type":"branch","line":65,"loc":{"start":{"line":65,"column":35},"end":{"line":65,"column":57}},"locations":[{"start":{"line":65,"column":35},"end":{"line":65,"column":57}}]},"6":{"type":"branch","line":65,"loc":{"start":{"line":65,"column":47},"end":{"line":65,"column":72}},"locations":[{"start":{"line":65,"column":47},"end":{"line":65,"column":72}}]},"7":{"type":"branch","line":77,"loc":{"start":{"line":77,"column":0},"end":{"line":95,"column":1}},"locations":[{"start":{"line":77,"column":0},"end":{"line":95,"column":1}}]},"8":{"type":"branch","line":84,"loc":{"start":{"line":84,"column":27},"end":{"line":86,"column":11}},"locations":[{"start":{"line":84,"column":27},"end":{"line":86,"column":11}}]},"9":{"type":"branch","line":86,"loc":{"start":{"line":86,"column":2},"end":{"line":91,"column":4}},"locations":[{"start":{"line":86,"column":2},"end":{"line":91,"column":4}}]},"10":{"type":"branch","line":87,"loc":{"start":{"line":87,"column":47},"end":{"line":87,"column":73}},"locations":[{"start":{"line":87,"column":47},"end":{"line":87,"column":73}}]},"11":{"type":"branch","line":102,"loc":{"start":{"line":102,"column":0},"end":{"line":119,"column":1}},"locations":[{"start":{"line":102,"column":0},"end":{"line":119,"column":1}}]},"12":{"type":"branch","line":109,"loc":{"start":{"line":109,"column":48},"end":{"line":112,"column":11}},"locations":[{"start":{"line":109,"column":48},"end":{"line":112,"column":11}}]},"13":{"type":"branch","line":112,"loc":{"start":{"line":112,"column":2},"end":{"line":116,"column":4}},"locations":[{"start":{"line":112,"column":2},"end":{"line":116,"column":4}}]}},"b":{"0":[16],"1":[12],"2":[1],"3":[6],"4":[3],"5":[2],"6":[1],"7":[3],"8":[2],"9":[1],"10":[0],"11":[3],"12":[2],"13":[1]},"fnMap":{"0":{"name":"getRepo","decl":{"start":{"line":41,"column":0},"end":{"line":46,"column":1}},"loc":{"start":{"line":41,"column":0},"end":{"line":46,"column":1}},"line":41},"1":{"name":"login","decl":{"start":{"line":54,"column":0},"end":{"line":71,"column":1}},"loc":{"start":{"line":54,"column":0},"end":{"line":71,"column":1}},"line":54},"2":{"name":"logout","decl":{"start":{"line":77,"column":0},"end":{"line":95,"column":1}},"loc":{"start":{"line":77,"column":0},"end":{"line":95,"column":1}},"line":77},"3":{"name":"initializeAuth","decl":{"start":{"line":102,"column":0},"end":{"line":119,"column":1}},"loc":{"start":{"line":102,"column":0},"end":{"line":119,"column":1}},"line":102}},"f":{"0":12,"1":6,"2":3,"3":3}}
,"/Users/sergio.rodriguez/Projects/Community/AWS/UserGroupCbba/GitHub/ugsys/ugsys-admin-panel/admin-shell/src/stores/healthStore.ts": {"path":"/Users/sergio.rodriguez/Projects/Community/AWS/UserGroupCbba/GitHub/ugsys/ugsys-admin-panel/admin-shell/src/stores/healthStore.ts","all":false,"statementMap":{"0":{"start":{"line":1,"column":0},"end":{"line":1,"column":3}},"17":{"start":{"line":18,"column":0},"end":{"line":18,"column":47}},"22":{"start":{"line":23,"column":0},"end":{"line":23,"column":70}},"26":{"start":{"line":27,"column":0},"end":{"line":27,"column":46}},"28":{"start":{"line":29,"column":0},"end":{"line":29,"column":42}},"29":{"start":{"line":30,"column":0},"end":{"line":30,"column":15}},"30":{"start":{"line":31,"column":0},"end":{"line":31,"column":39}},"31":{"start":{"line":32,"column":0},"end":{"line":32,"column":3}},"32":{"start":{"line":33,"column":0},"end":{"line":33,"column":15}},"33":{"start":{"line":34,"column":0},"end":{"line":34,"column":1}},"41":{"start":{"line":42,"column":0},"end":{"line":42,"column":59}},"42":{"start":{"line":43,"column":0},"end":{"line":43,"column":42}},"44":{"start":{"line":45,"column":0},"end":{"line":45,"column":7}},"45":{"start":{"line":46,"column":0},"end":{"line":46,"column":57}},"46":{"start":{"line":47,"column":0},"end":{"line":47,"column":68}},"47":{"start":{"line":48,"column":0},"end":{"line":48,"column":23}},"48":{"start":{"line":49,"column":0},"end":{"line":49,"column":39}},"49":{"start":{"line":50,"column":0},"end":{"line":50,"column":19}},"50":{"start":{"line":51,"column":0},"end":{"line":51,"column":8}},"51":{"start":{"line":52,"column":0},"end":{"line":52,"column":9}},"52":{"start":{"line":53,"column":0},"end":{"line":53,"column":6}},"53":{"start":{"line":54,"column":0},"end":{"line":54,"column":35}},"54":{"start":{"line":55,"column":0},"end":{"line":55,"column":70}},"55":{"start":{"line":56,"column":0},"end":{"line":56,"column":17}},"56":{"start":{"line":57,"column":0},"end":{"line":57,"column":90}},"57":{"start":{"line":58,"column":0},"end":{"line":58,"column":70}},"58":{"start":{"line":59,"column":0},"end":{"line":59,"column":14}},"59":{"start":{"line":60,"column":0},"end":{"line":60,"column":3}},"60":{"start":{"line":61,"column":0},"end":{"line":61,"column":1}}},"s":{"0":1,"17":1,"22":1,"26":1,"28":5,"29":5,"30":1,"31":1,"32":5,"33":5,"41":5,"42":5,"44":5,"45":5,"46":3,"47":3,"48":3,"49":3,"50":3,"51":3,"52":3,"53":3,"54":3,"55":5,"56":2,"57":2,"58":2,"59":2,"60":5},"branchMap":{"0":{"type":"branch","line":29,"loc":{"start":{"line":29,"column":0},"end":{"line":34,"column":1}},"locations":[{"start":{"line":29,"column":0},"end":{"line":34,"column":1}}]},"1":{"type":"branch","line":30,"loc":{"start":{"line":30,"column":14},"end":{"line":32,"column":3}},"locations":[{"start":{"line":30,"column":14},"end":{"line":32,"column":3}}]},"2":{"type":"branch","line":42,"loc":{"start":{"line":42,"column":0},"end":{"line":61,"column":1}},"locations":[{"start":{"line":42,"column":0},"end":{"line":61,"column":1}}]},"3":{"type":"branch","line":46,"loc":{"start":{"line":46,"column":55},"end":{"line":56,"column":11}},"locations":[{"start":{"line":46,"column":55},"end":{"line":56,"column":11}}]},"4":{"type":"branch","line":56,"loc":{"start":{"line":56,"column":2},"end":{"line":60,"column":3}},"locations":[{"start":{"line":56,"column":2},"end":{"line":60,"column":3}}]},"5":{"type":"branch","line":57,"loc":{"start":{"line":57,"column":47},"end":{"line":57,"column":90}},"locations":[{"start":{"line":57,"column":47},"end":{"line":57,"column":90}}]},"6":{"type":"branch","line":48,"loc":{"start":{"line":48,"column":6},"end":{"line":51,"column":8}},"locations":[{"start":{"line":48,"column":6},"end":{"line":51,"column":8}}]}},"b":{"0":[5],"1":[1],"2":[5],"3":[3],"4":[2],"5":[0],"6":[3]},"fnMap":{"0":{"name":"getRepo","decl":{"start":{"line":29,"column":0},"end":{"line":34,"column":1}},"loc":{"start":{"line":29,"column":0},"end":{"line":34,"column":1}},"line":29},"1":{"name":"loadHealthStatuses","decl":{"start":{"line":42,"column":0},"end":{"line":61,"column":1}},"loc":{"start":{"line":42,"column":0},"end":{"line":61,"column":1}},"line":42}},"f":{"0":5,"1":5}}
,"/Users/sergio.rodriguez/Projects/Community/AWS/UserGroupCbba/GitHub/ugsys/ugsys-admin-panel/admin-shell/src/stores/registryStore.ts": {"path":"/Users/sergio.rodriguez/Projects/Community/AWS/UserGroupCbba/GitHub/ugsys/ugsys-admin-panel/admin-shell/src/stores/registryStore.ts","all":false,"statementMap":{"0":{"start":{"line":1,"column":0},"end":{"line":1,"column":3}},"20":{"start":{"line":21,"column":0},"end":{"line":21,"column":49}},"24":{"start":{"line":25,"column":0},"end":{"line":25,"column":57}},"25":{"start":{"line":26,"column":0},"end":{"line":26,"column":71}},"29":{"start":{"line":30,"column":0},"end":{"line":30,"column":48}},"31":{"start":{"line":32,"column":0},"end":{"line":32,"column":44}},"32":{"start":{"line":33,"column":0},"end":{"line":33,"column":15}},"33":{"start":{"line":34,"column":0},"end":{"line":34,"column":41}},"34":{"start":{"line":35,"column":0},"end":{"line":35,"column":3}},"35":{"start":{"line":36,"column":0},"end":{"line":36,"column":15}},"36":{"start":{"line":37,"column":0},"end":{"line":37,"column":1}},"44":{"start":{"line":45,"column":0},"end":{"line":45,"column":53}},"45":{"start":{"line":46,"column":0},"end":{"line":46,"column":43}},"47":{"start":{"line":48,"column":0},"end":{"line":48,"column":7}},"48":{"start":{"line":49,"column":0},"end":{"line":49,"column":52}},"49":{"start":{"line":50,"column":0},"end":{"line":50,"column":28}},"50":{"start":{"line":51,"column":0},"end":{"line":51,"column":71}},"51":{"start":{"line":52,"column":0},"end":{"line":52,"column":17}},"52":{"start":{"line":53,"column":0},"end":{"line":53,"column":83}},"53":{"start":{"line":54,"column":0},"end":{"line":54,"column":71}},"54":{"start":{"line":55,"column":0},"end":{"line":55,"column":14}},"55":{"start":{"line":56,"column":0},"end":{"line":56,"column":3}},"56":{"start":{"line":57,"column":0},"end":{"line":57,"column":1}},"62":{"start":{"line":63,"column":0},"end":{"line":63,"column":58}},"63":{"start":{"line":64,"column":0},"end":{"line":64,"column":85}},"64":{"start":{"line":65,"column":0},"end":{"line":65,"column":32}},"65":{"start":{"line":66,"column":0},"end":{"line":66,"column":73}},"66":{"start":{"line":67,"column":0},"end":{"line":67,"column":1}},"71":{"start":{"line":72,"column":0},"end":{"line":72,"column":40}},"72":{"start":{"line":73,"column":0},"end":{"line":73,"column":29}},"73":{"start":{"line":74,"column":0},"end":{"line":74,"column":44}},"74":{"start":{"line":75,"column":0},"end":{"line":75,"column":1}}},"s":{"0":1,"20":1,"24":1,"25":1,"29":1,"31":4,"32":4,"33":1,"34":1,"35":4,"36":4,"44":4,"45":4,"47":4,"48":4,"49":2,"50":2,"51":2,"52":2,"53":2,"54":2,"55":2,"56":4,"62":1,"63":4,"64":4,"65":4,"66":4,"71":1,"72":2,"73":2,"74":2},"branchMap":{"0":{"type":"branch","line":32,"loc":{"start":{"line":32,"column":0},"end":{"line":37,"column":1}},"locations":[{"start":{"line":32,"column":0},"end":{"line":37,"column":1}}]},"1":{"type":"branch","line":33,"loc":{"start":{"line":33,"column":14},"end":{"line":35,"column":3}},"locations":[{"start":{"line":33,"column":14},"end":{"line":35,"column":3}}]},"2":{"type":"branch","line":45,"loc":{"start":{"line":45,"column":0},"end":{"line":57,"column":1}},"locations":[{"start":{"line":45,"column":0},"end":{"line":57,"column":1}}]},"3":{"type":"branch","line":49,"loc":{"start":{"line":49,"column":50},"end":{"line":56,"column":3}},"locations":[{"start":{"line":49,"column":50},"end":{"line":56,"column":3}}]},"4":{"type":"branch","line":53,"loc":{"start":{"line":53,"column":47},"end":{"line":53,"column":83}},"locations":[{"start":{"line":53,"column":47},"end":{"line":53,"column":83}}]},"5":{"type":"branch","line":63,"loc":{"start":{"line":63,"column":7},"end":{"line":67,"column":1}},"locations":[{"start":{"line":63,"column":7},"end":{"line":67,"column":1}}]},"6":{"type":"branch","line":64,"loc":{"start":{"line":64,"column":75},"end":{"line":64,"column":85}},"locations":[{"start":{"line":64,"column":75},"end":{"line":64,"column":85}}]},"7":{"type":"branch","line":64,"loc":{"start":{"line":64,"column":39},"end":{"line":64,"column":75}},"locations":[{"start":{"line":64,"column":39},"end":{"line":64,"column":75}}]},"8":{"type":"branch","line":72,"loc":{"start":{"line":72,"column":7},"end":{"line":75,"column":1}},"locations":[{"start":{"line":72,"column":7},"end":{"line":75,"column":1}}]}},"b":{"0":[4],"1":[1],"2":[4],"3":[2],"4":[0],"5":[4],"6":[1],"7":[6],"8":[2]},"fnMap":{"0":{"name":"getRepo","decl":{"start":{"line":32,"column":0},"end":{"line":37,"column":1}},"loc":{"start":{"line":32,"column":0},"end":{"line":37,"column":1}},"line":32},"1":{"name":"loadServices","decl":{"start":{"line":45,"column":0},"end":{"line":57,"column":1}},"loc":{"start":{"line":45,"column":0},"end":{"line":57,"column":1}},"line":45},"2":{"name":"selectService","decl":{"start":{"line":63,"column":7},"end":{"line":67,"column":1}},"loc":{"start":{"line":63,"column":7},"end":{"line":67,"column":1}},"line":63},"3":{"name":"clearSelection","decl":{"start":{"line":72,"column":7},"end":{"line":75,"column":1}},"loc":{"start":{"line":72,"column":7},"end":{"line":75,"column":1}},"line":72}},"f":{"0":4,"1":4,"2":4,"3":2}}
,"/Users/sergio.rodriguez/Projects/Community/AWS/UserGroupCbba/GitHub/ugsys/ugsys-admin-panel/admin-shell/src/utils/errorHandling.ts": {"path":"/Users/sergio.rodriguez/Projects/Community/AWS/UserGroupCbba/GitHub/ugsys/ugsys-admin-panel/admin-shell/src/utils/errorHandling.ts","all":false,"statementMap":{"0":{"start":{"line":1,"column":0},"end":{"line":1,"column":3}},"12":{"start":{"line":13,"column":0},"end":{"line":13,"column":49}},"41":{"start":{"line":42,"column":0},"end":{"line":42,"column":63}},"42":{"start":{"line":43,"column":0},"end":{"line":43,"column":10}},"43":{"start":{"line":44,"column":0},"end":{"line":44,"column":32}},"44":{"start":{"line":45,"column":0},"end":{"line":45,"column":21}},"45":{"start":{"line":46,"column":0},"end":{"line":46,"column":71}},"46":{"start":{"line":47,"column":0},"end":{"line":47,"column":70}},"47":{"start":{"line":48,"column":0},"end":{"line":48,"column":69}},"49":{"start":{"line":50,"column":0},"end":{"line":50,"column":1}},"63":{"start":{"line":64,"column":0},"end":{"line":64,"column":58}},"64":{"start":{"line":65,"column":0},"end":{"line":65,"column":24}},"65":{"start":{"line":66,"column":0},"end":{"line":66,"column":70}},"66":{"start":{"line":67,"column":0},"end":{"line":67,"column":12}},"67":{"start":{"line":68,"column":0},"end":{"line":68,"column":27}},"68":{"start":{"line":69,"column":0},"end":{"line":69,"column":18}},"69":{"start":{"line":70,"column":0},"end":{"line":70,"column":22}},"70":{"start":{"line":71,"column":0},"end":{"line":71,"column":6}},"71":{"start":{"line":72,"column":0},"end":{"line":72,"column":3}},"73":{"start":{"line":74,"column":0},"end":{"line":74,"column":33}},"75":{"start":{"line":76,"column":0},"end":{"line":76,"column":71}},"76":{"start":{"line":77,"column":0},"end":{"line":77,"column":12}},"77":{"start":{"line":78,"column":0},"end":{"line":78,"column":87}},"78":{"start":{"line":79,"column":0},"end":{"line":79,"column":22}},"79":{"start":{"line":80,"column":0},"end":{"line":80,"column":6}},"80":{"start":{"line":81,"column":0},"end":{"line":81,"column":3}},"82":{"start":{"line":83,"column":0},"end":{"line":83,"column":29}},"83":{"start":{"line":84,"column":0},"end":{"line":84,"column":38}},"84":{"start":{"line":85,"column":0},"end":{"line":85,"column":61}},"85":{"start":{"line":86,"column":0},"end":{"line":86,"column":14}},"86":{"start":{"line":87,"column":0},"end":{"line":87,"column":89}},"87":{"start":{"line":88,"column":0},"end":{"line":88,"column":24}},"88":{"start":{"line":89,"column":0},"end":{"line":89,"column":8}},"89":{"start":{"line":90,"column":0},"end":{"line":90,"column":5}},"91":{"start":{"line":92,"column":0},"end":{"line":92,"column":41}},"92":{"start":{"line":93,"column":0},"end":{"line":93,"column":64}},"93":{"start":{"line":94,"column":0},"end":{"line":94,"column":14}},"94":{"start":{"line":95,"column":0},"end":{"line":95,"column":29}},"95":{"start":{"line":96,"column":0},"end":{"line":96,"column":27}},"96":{"start":{"line":97,"column":0},"end":{"line":97,"column":8}},"97":{"start":{"line":98,"column":0},"end":{"line":98,"column":5}},"99":{"start":{"line":100,"column":0},"end":{"line":100,"column":93}},"100":{"start":{"line":101,"column":0},"end":{"line":101,"column":12}},"101":{"start":{"line":102,"column":0},"end":{"line":102,"column":62}},"102":{"start":{"line":103,"column":0},"end":{"line":103,"column":22}},"103":{"start":{"line":104,"column":0},"end":{"line":104,"column":6}},"104":{"start":{"line":105,"column":0},"end":{"line":105,"column":3}},"106":{"start":{"line":107,"column":0},"end":{"line":107,"column":74}},"107":{"start":{"line":108,"column":0},"end":{"line":108,"column":10}},"108":{"start":{"line":109,"column":0},"end":{"line":109,"column":45}},"109":{"start":{"line":110,"column":0},"end":{"line":110,"column":20}},"110":{"start":{"line":111,"column":0},"end":{"line":111,"column":4}},"111":{"start":{"line":112,"column":0},"end":{"line":112,"column":1}},"124":{"start":{"line":125,"column":0},"end":{"line":125,"column":57}},"125":{"start":{"line":126,"column":0},"end":{"line":126,"column":67}},"126":{"start":{"line":127,"column":0},"end":{"line":127,"column":72}},"127":{"start":{"line":128,"column":0},"end":{"line":128,"column":65}},"128":{"start":{"line":129,"column":0},"end":{"line":129,"column":84}},"129":{"start":{"line":130,"column":0},"end":{"line":130,"column":91}},"130":{"start":{"line":131,"column":0},"end":{"line":131,"column":84}},"131":{"start":{"line":132,"column":0},"end":{"line":132,"column":69}},"132":{"start":{"line":133,"column":0},"end":{"line":133,"column":2}},"136":{"start":{"line":137,"column":0},"end":{"line":137,"column":56}},"137":{"start":{"line":138,"column":0},"end":{"line":138,"column":57}},"138":{"start":{"line":139,"column":0},"end":{"line":139,"column":59}},"139":{"start":{"line":140,"column":0},"end":{"line":140,"column":71}},"140":{"start":{"line":141,"column":0},"end":{"line":141,"column":68}},"141":{"start":{"line":142,"column":0},"end":{"line":142,"column":25}},"142":{"start":{"line":143,"column":0},"end":{"line":143,"column":88}},"143":{"start":{"line":144,"column":0},"end":{"line":144,"column":82}},"144":{"start":{"line":145,"column":0},"end":{"line":145,"column":67}},"145":{"start":{"line":146,"column":0},"end":{"line":146,"column":2}},"149":{"start":{"line":150,"column":0},"end":{"line":150,"column":50}},"150":{"start":{"line":151,"column":0},"end":{"line":151,"column":65}},"151":{"start":{"line":152,"column":0},"end":{"line":152,"column":65}},"152":{"start":{"line":153,"column":0},"end":{"line":153,"column":65}},"153":{"start":{"line":154,"column":0},"end":{"line":154,"column":68}},"154":{"start":{"line":155,"column":0},"end":{"line":155,"column":96}},"155":{"start":{"line":156,"column":0},"end":{"line":156,"column":82}},"156":{"start":{"line":157,"column":0},"end":{"line":157,"column":71}},"157":{"start":{"line":158,"column":0},"end":{"line":158,"column":2}},"170":{"start":{"line":171,"column":0},"end":{"line":171,"column":86}},"171":{"start":{"line":172,"column":0},"end":{"line":172,"column":54}},"172":{"start":{"line":173,"column":0},"end":{"line":173,"column":27}},"173":{"start":{"line":174,"column":0},"end":{"line":174,"column":3}},"174":{"start":{"line":175,"column":0},"end":{"line":175,"column":26}},"175":{"start":{"line":176,"column":0},"end":{"line":176,"column":27}},"176":{"start":{"line":177,"column":0},"end":{"line":177,"column":3}},"177":{"start":{"line":178,"column":0},"end":{"line":178,"column":21}},"178":{"start":{"line":179,"column":0},"end":{"line":179,"column":1}}},"s":{"0":1,"12":1,"41":1,"42":12,"43":12,"44":11,"45":9,"46":3,"47":2,"49":12,"63":1,"64":7,"65":1,"66":1,"67":1,"68":1,"69":1,"70":1,"71":1,"73":7,"75":1,"76":1,"77":1,"78":1,"79":1,"80":1,"82":7,"83":3,"84":1,"85":1,"86":1,"87":1,"88":1,"89":1,"91":3,"92":1,"93":1,"94":1,"95":1,"96":1,"97":1,"99":1,"100":1,"101":3,"102":3,"103":3,"104":3,"106":2,"107":2,"108":2,"109":2,"110":2,"111":2,"124":1,"125":1,"126":1,"127":1,"128":1,"129":1,"130":1,"131":1,"132":1,"136":1,"137":1,"138":1,"139":1,"140":1,"141":1,"142":1,"143":1,"144":1,"145":1,"149":1,"150":1,"151":1,"152":1,"153":1,"154":1,"155":1,"156":1,"157":1,"170":1,"171":6,"172":4,"173":4,"174":6,"175":1,"176":1,"177":1,"178":1},"branchMap":{"0":{"type":"branch","line":42,"loc":{"start":{"line":42,"column":7},"end":{"line":50,"column":1}},"locations":[{"start":{"line":42,"column":7},"end":{"line":50,"column":1}}]},"1":{"type":"branch","line":44,"loc":{"start":{"line":44,"column":21},"end":{"line":45,"column":21}},"locations":[{"start":{"line":44,"column":21},"end":{"line":45,"column":21}}]},"2":{"type":"branch","line":45,"loc":{"start":{"line":45,"column":14},"end":{"line":46,"column":71}},"locations":[{"start":{"line":45,"column":14},"end":{"line":46,"column":71}}]},"3":{"type":"branch","line":46,"loc":{"start":{"line":46,"column":60},"end":{"line":47,"column":70}},"locations":[{"start":{"line":46,"column":60},"end":{"line":47,"column":70}}]},"4":{"type":"branch","line":47,"loc":{"start":{"line":47,"column":59},"end":{"line":48,"column":69}},"locations":[{"start":{"line":47,"column":59},"end":{"line":48,"column":69}}]},"5":{"type":"branch","line":64,"loc":{"start":{"line":64,"column":7},"end":{"line":112,"column":1}},"locations":[{"start":{"line":64,"column":7},"end":{"line":112,"column":1}}]},"6":{"type":"branch","line":65,"loc":{"start":{"line":65,"column":23},"end":{"line":72,"column":3}},"locations":[{"start":{"line":65,"column":23},"end":{"line":72,"column":3}}]},"7":{"type":"branch","line":72,"loc":{"start":{"line":72,"column":2},"end":{"line":74,"column":32}},"locations":[{"start":{"line":72,"column":2},"end":{"line":74,"column":32}}]},"8":{"type":"branch","line":74,"loc":{"start":{"line":74,"column":32},"end":{"line":81,"column":3}},"locations":[{"start":{"line":74,"column":32},"end":{"line":81,"column":3}}]},"9":{"type":"branch","line":81,"loc":{"start":{"line":81,"column":2},"end":{"line":83,"column":28}},"locations":[{"start":{"line":81,"column":2},"end":{"line":83,"column":28}}]},"10":{"type":"branch","line":83,"loc":{"start":{"line":83,"column":28},"end":{"line":105,"column":3}},"locations":[{"start":{"line":83,"column":28},"end":{"line":105,"column":3}}]},"11":{"type":"branch","line":84,"loc":{"start":{"line":84,"column":37},"end":{"line":90,"column":5}},"locations":[{"start":{"line":84,"column":37},"end":{"line":90,"column":5}}]},"12":{"type":"branch","line":90,"loc":{"start":{"line":90,"column":4},"end":{"line":92,"column":40}},"locations":[{"start":{"line":90,"column":4},"end":{"line":92,"column":40}}]},"13":{"type":"branch","line":92,"loc":{"start":{"line":92,"column":40},"end":{"line":102,"column":30}},"locations":[{"start":{"line":92,"column":40},"end":{"line":102,"column":30}}]},"14":{"type":"branch","line":102,"loc":{"start":{"line":102,"column":19},"end":{"line":102,"column":62}},"locations":[{"start":{"line":102,"column":19},"end":{"line":102,"column":62}}]},"15":{"type":"branch","line":105,"loc":{"start":{"line":105,"column":2},"end":{"line":112,"column":1}},"locations":[{"start":{"line":105,"column":2},"end":{"line":112,"column":1}}]},"16":{"type":"branch","line":171,"loc":{"start":{"line":171,"column":7},"end":{"line":179,"column":1}},"locations":[{"start":{"line":171,"column":7},"end":{"line":179,"column":1}}]},"17":{"type":"branch","line":172,"loc":{"start":{"line":172,"column":21},"end":{"line":172,"column":53}},"locations":[{"start":{"line":172,"column":21},"end":{"line":172,"column":53}}]},"18":{"type":"branch","line":172,"loc":{"start":{"line":172,"column":53},"end":{"line":174,"column":3}},"locations":[{"start":{"line":172,"column":53},"end":{"line":174,"column":3}}]},"19":{"type":"branch","line":174,"loc":{"start":{"line":174,"column":2},"end":{"line":175,"column":25}},"locations":[{"start":{"line":174,"column":2},"end":{"line":175,"column":25}}]},"20":{"type":"branch","line":175,"loc":{"start":{"line":175,"column":25},"end":{"line":179,"column":1}},"locations":[{"start":{"line":175,"column":25},"end":{"line":179,"column":1}}]}},"b":{"0":[12],"1":[11],"2":[9],"3":[3],"4":[2],"5":[7],"6":[1],"7":[6],"8":[1],"9":[5],"10":[3],"11":[1],"12":[2],"13":[1],"14":[0],"15":[2],"16":[6],"17":[4],"18":[4],"19":[2],"20":[1]},"fnMap":{"0":{"name":"isApiError","decl":{"start":{"line":42,"column":7},"end":{"line":50,"column":1}},"loc":{"start":{"line":42,"column":7},"end":{"line":50,"column":1}},"line":42},"1":{"name":"normalizeError","decl":{"start":{"line":64,"column":7},"end":{"line":112,"column":1}},"loc":{"start":{"line":64,"column":7},"end":{"line":112,"column":1}},"line":64},"2":{"name":"resolveErrorMessage","decl":{"start":{"line":171,"column":7},"end":{"line":179,"column":1}},"loc":{"start":{"line":171,"column":7},"end":{"line":179,"column":1}},"line":171}},"f":{"0":12,"1":7,"2":6}}
,"/Users/sergio.rodriguez/Projects/Community/AWS/UserGroupCbba/GitHub/ugsys/ugsys-admin-panel/admin-shell/src/utils/logger.ts": {"path":"/Users/sergio.rodriguez/Projects/Community/AWS/UserGroupCbba/GitHub/ugsys/ugsys-admin-panel/admin-shell/src/utils/logger.ts","all":false,"statementMap":{"49":{"start":{"line":50,"column":0},"end":{"line":50,"column":54}},"50":{"start":{"line":51,"column":0},"end":{"line":51,"column":11}},"51":{"start":{"line":52,"column":0},"end":{"line":52,"column":10}},"52":{"start":{"line":53,"column":0},"end":{"line":53,"column":10}},"53":{"start":{"line":54,"column":0},"end":{"line":54,"column":11}},"54":{"start":{"line":55,"column":0},"end":{"line":55,"column":2}},"56":{"start":{"line":57,"column":0},"end":{"line":57,"column":34}},"59":{"start":{"line":60,"column":0},"end":{"line":60,"column":15}},"60":{"start":{"line":61,"column":0},"end":{"line":61,"column":41}},"61":{"start":{"line":62,"column":0},"end":{"line":62,"column":67}},"62":{"start":{"line":63,"column":0},"end":{"line":63,"column":34}},"63":{"start":{"line":64,"column":0},"end":{"line":64,"column":1}},"65":{"start":{"line":66,"column":0},"end":{"line":66,"column":29}},"66":{"start":{"line":67,"column":0},"end":{"line":67,"column":32}},"67":{"start":{"line":68,"column":0},"end":{"line":68,"column":38}},"69":{"start":{"line":70,"column":0},"end":{"line":70,"column":50}},"70":{"start":{"line":71,"column":0},"end":{"line":71,"column":21}},"71":{"start":{"line":72,"column":0},"end":{"line":72,"column":46}},"72":{"start":{"line":73,"column":0},"end":{"line":73,"column":3}},"76":{"start":{"line":77,"column":0},"end":{"line":77,"column":67}},"77":{"start":{"line":78,"column":0},"end":{"line":78,"column":40}},"78":{"start":{"line":79,"column":0},"end":{"line":79,"column":3}},"80":{"start":{"line":81,"column":0},"end":{"line":81,"column":66}},"81":{"start":{"line":82,"column":0},"end":{"line":82,"column":39}},"82":{"start":{"line":83,"column":0},"end":{"line":83,"column":3}},"84":{"start":{"line":85,"column":0},"end":{"line":85,"column":66}},"85":{"start":{"line":86,"column":0},"end":{"line":86,"column":39}},"86":{"start":{"line":87,"column":0},"end":{"line":87,"column":3}},"88":{"start":{"line":89,"column":0},"end":{"line":89,"column":67}},"89":{"start":{"line":90,"column":0},"end":{"line":90,"column":40}},"90":{"start":{"line":91,"column":0},"end":{"line":91,"column":3}},"94":{"start":{"line":95,"column":0},"end":{"line":95,"column":47}},"95":{"start":{"line":96,"column":0},"end":{"line":96,"column":42}},"96":{"start":{"line":97,"column":0},"end":{"line":97,"column":3}},"98":{"start":{"line":99,"column":0},"end":{"line":99,"column":49}},"99":{"start":{"line":100,"column":0},"end":{"line":100,"column":65}},"100":{"start":{"line":101,"column":0},"end":{"line":101,"column":48}},"101":{"start":{"line":102,"column":0},"end":{"line":102,"column":3}},"103":{"start":{"line":104,"column":0},"end":{"line":104,"column":47}},"104":{"start":{"line":105,"column":0},"end":{"line":105,"column":41}},"105":{"start":{"line":106,"column":0},"end":{"line":106,"column":3}},"107":{"start":{"line":108,"column":0},"end":{"line":108,"column":55}},"108":{"start":{"line":109,"column":0},"end":{"line":109,"column":46}},"109":{"start":{"line":110,"column":0},"end":{"line":110,"column":3}},"113":{"start":{"line":114,"column":0},"end":{"line":114,"column":14}},"114":{"start":{"line":115,"column":0},"end":{"line":115,"column":20}},"115":{"start":{"line":116,"column":0},"end":{"line":116,"column":20}},"116":{"start":{"line":117,"column":0},"end":{"line":117,"column":38}},"117":{"start":{"line":118,"column":0},"end":{"line":118,"column":11}},"118":{"start":{"line":119,"column":0},"end":{"line":119,"column":72}},"119":{"start":{"line":120,"column":0},"end":{"line":120,"column":13}},"120":{"start":{"line":121,"column":0},"end":{"line":121,"column":5}},"122":{"start":{"line":123,"column":0},"end":{"line":123,"column":29}},"123":{"start":{"line":124,"column":0},"end":{"line":124,"column":42}},"124":{"start":{"line":125,"column":0},"end":{"line":125,"column":12}},"125":{"start":{"line":126,"column":0},"end":{"line":126,"column":24}},"126":{"start":{"line":127,"column":0},"end":{"line":127,"column":14}},"127":{"start":{"line":128,"column":0},"end":{"line":128,"column":52}},"128":{"start":{"line":129,"column":0},"end":{"line":129,"column":6}},"130":{"start":{"line":131,"column":0},"end":{"line":131,"column":41}},"132":{"start":{"line":133,"column":0},"end":{"line":133,"column":20}},"133":{"start":{"line":134,"column":0},"end":{"line":134,"column":19}},"134":{"start":{"line":135,"column":0},"end":{"line":135,"column":30}},"135":{"start":{"line":136,"column":0},"end":{"line":136,"column":14}},"136":{"start":{"line":137,"column":0},"end":{"line":137,"column":18}},"137":{"start":{"line":138,"column":0},"end":{"line":138,"column":29}},"138":{"start":{"line":139,"column":0},"end":{"line":139,"column":14}},"139":{"start":{"line":140,"column":0},"end":{"line":140,"column":18}},"140":{"start":{"line":141,"column":0},"end":{"line":141,"column":29}},"141":{"start":{"line":142,"column":0},"end":{"line":142,"column":14}},"142":{"start":{"line":143,"column":0},"end":{"line":143,"column":19}},"143":{"start":{"line":144,"column":0},"end":{"line":144,"column":30}},"144":{"start":{"line":145,"column":0},"end":{"line":145,"column":14}},"145":{"start":{"line":146,"column":0},"end":{"line":146,"column":5}},"146":{"start":{"line":147,"column":0},"end":{"line":147,"column":3}},"147":{"start":{"line":148,"column":0},"end":{"line":148,"column":1}},"155":{"start":{"line":156,"column":0},"end":{"line":156,"column":71}},"156":{"start":{"line":157,"column":0},"end":{"line":157,"column":54}},"157":{"start":{"line":158,"column":0},"end":{"line":158,"column":1}},"163":{"start":{"line":164,"column":0},"end":{"line":164,"column":75}},"164":{"start":{"line":165,"column":0},"end":{"line":165,"column":58}},"165":{"start":{"line":166,"column":0},"end":{"line":166,"column":1}},"171":{"start":{"line":172,"column":0},"end":{"line":172,"column":66}},"172":{"start":{"line":173,"column":0},"end":{"line":173,"column":49}},"173":{"start":{"line":174,"column":0},"end":{"line":174,"column":1}}},"s":{"49":1,"50":1,"51":1,"52":1,"53":1,"54":1,"56":7,"59":7,"60":7,"61":7,"62":7,"63":7,"65":1,"66":1,"67":20,"69":1,"70":20,"71":20,"72":20,"76":1,"77":20,"78":20,"80":1,"81":30,"82":30,"84":1,"85":14,"86":14,"88":1,"89":4,"90":4,"94":1,"95":1,"96":1,"98":1,"99":2,"100":2,"101":2,"103":1,"104":14,"105":14,"107":1,"108":1,"109":1,"113":1,"114":70,"115":70,"116":70,"117":70,"118":70,"119":3,"120":3,"122":67,"123":67,"124":67,"125":67,"126":67,"127":70,"128":70,"130":70,"132":70,"133":70,"134":19,"135":19,"136":70,"137":29,"138":29,"139":70,"140":15,"141":15,"142":70,"143":4,"144":4,"145":70,"146":70,"147":1,"155":1,"156":5,"157":5,"163":1,"164":1,"165":1,"171":1,"172":1,"173":1},"branchMap":{"0":{"type":"branch","line":57,"loc":{"start":{"line":57,"column":0},"end":{"line":64,"column":1}},"locations":[{"start":{"line":57,"column":0},"end":{"line":64,"column":1}}]},"1":{"type":"branch","line":63,"loc":{"start":{"line":63,"column":17},"end":{"line":63,"column":34}},"locations":[{"start":{"line":63,"column":17},"end":{"line":63,"column":34}}]},"2":{"type":"branch","line":67,"loc":{"start":{"line":67,"column":19},"end":{"line":68,"column":38}},"locations":[{"start":{"line":67,"column":19},"end":{"line":68,"column":38}}]},"3":{"type":"branch","line":70,"loc":{"start":{"line":70,"column":2},"end":{"line":73,"column":3}},"locations":[{"start":{"line":70,"column":2},"end":{"line":73,"column":3}}]},"4":{"type":"branch","line":72,"loc":{"start":{"line":72,"column":20},"end":{"line":72,"column":46}},"locations":[{"start":{"line":72,"column":20},"end":{"line":72,"column":46}}]},"5":{"type":"branch","line":77,"loc":{"start":{"line":77,"column":2},"end":{"line":79,"column":3}},"locations":[{"start":{"line":77,"column":2},"end":{"line":79,"column":3}}]},"6":{"type":"branch","line":81,"loc":{"start":{"line":81,"column":2},"end":{"line":83,"column":3}},"locations":[{"start":{"line":81,"column":2},"end":{"line":83,"column":3}}]},"7":{"type":"branch","line":85,"loc":{"start":{"line":85,"column":2},"end":{"line":87,"column":3}},"locations":[{"start":{"line":85,"column":2},"end":{"line":87,"column":3}}]},"8":{"type":"branch","line":89,"loc":{"start":{"line":89,"column":2},"end":{"line":91,"column":3}},"locations":[{"start":{"line":89,"column":2},"end":{"line":91,"column":3}}]},"9":{"type":"branch","line":95,"loc":{"start":{"line":95,"column":2},"end":{"line":97,"column":3}},"locations":[{"start":{"line":95,"column":2},"end":{"line":97,"column":3}}]},"10":{"type":"branch","line":99,"loc":{"start":{"line":99,"column":2},"end":{"line":102,"column":3}},"locations":[{"start":{"line":99,"column":2},"end":{"line":102,"column":3}}]},"11":{"type":"branch","line":100,"loc":{"start":{"line":100,"column":42},"end":{"line":100,"column":57}},"locations":[{"start":{"line":100,"column":42},"end":{"line":100,"column":57}}]},"12":{"type":"branch","line":100,"loc":{"start":{"line":100,"column":48},"end":{"line":100,"column":65}},"locations":[{"start":{"line":100,"column":48},"end":{"line":100,"column":65}}]},"13":{"type":"branch","line":104,"loc":{"start":{"line":104,"column":2},"end":{"line":106,"column":3}},"locations":[{"start":{"line":104,"column":2},"end":{"line":106,"column":3}}]},"14":{"type":"branch","line":108,"loc":{"start":{"line":108,"column":2},"end":{"line":110,"column":3}},"locations":[{"start":{"line":108,"column":2},"end":{"line":110,"column":3}}]},"15":{"type":"branch","line":114,"loc":{"start":{"line":114,"column":10},"end":{"line":147,"column":3}},"locations":[{"start":{"line":114,"column":10},"end":{"line":147,"column":3}}]},"16":{"type":"branch","line":119,"loc":{"start":{"line":119,"column":71},"end":{"line":121,"column":5}},"locations":[{"start":{"line":119,"column":71},"end":{"line":121,"column":5}}]},"17":{"type":"branch","line":121,"loc":{"start":{"line":121,"column":4},"end":{"line":128,"column":34}},"locations":[{"start":{"line":121,"column":4},"end":{"line":128,"column":34}}]},"18":{"type":"branch","line":128,"loc":{"start":{"line":128,"column":22},"end":{"line":128,"column":48}},"locations":[{"start":{"line":128,"column":22},"end":{"line":128,"column":48}}]},"19":{"type":"branch","line":128,"loc":{"start":{"line":128,"column":44},"end":{"line":128,"column":52}},"locations":[{"start":{"line":128,"column":44},"end":{"line":128,"column":52}}]},"20":{"type":"branch","line":134,"loc":{"start":{"line":134,"column":6},"end":{"line":136,"column":14}},"locations":[{"start":{"line":134,"column":6},"end":{"line":136,"column":14}}]},"21":{"type":"branch","line":137,"loc":{"start":{"line":137,"column":6},"end":{"line":139,"column":14}},"locations":[{"start":{"line":137,"column":6},"end":{"line":139,"column":14}}]},"22":{"type":"branch","line":140,"loc":{"start":{"line":140,"column":6},"end":{"line":142,"column":14}},"locations":[{"start":{"line":140,"column":6},"end":{"line":142,"column":14}}]},"23":{"type":"branch","line":143,"loc":{"start":{"line":143,"column":6},"end":{"line":145,"column":14}},"locations":[{"start":{"line":143,"column":6},"end":{"line":145,"column":14}}]},"24":{"type":"branch","line":156,"loc":{"start":{"line":156,"column":7},"end":{"line":158,"column":1}},"locations":[{"start":{"line":156,"column":7},"end":{"line":158,"column":1}}]},"25":{"type":"branch","line":164,"loc":{"start":{"line":164,"column":7},"end":{"line":166,"column":1}},"locations":[{"start":{"line":164,"column":7},"end":{"line":166,"column":1}}]},"26":{"type":"branch","line":172,"loc":{"start":{"line":172,"column":7},"end":{"line":174,"column":1}},"locations":[{"start":{"line":172,"column":7},"end":{"line":174,"column":1}}]}},"b":{"0":[7],"1":[0],"2":[20],"3":[20],"4":[7],"5":[20],"6":[30],"7":[14],"8":[4],"9":[1],"10":[2],"11":[1],"12":[1],"13":[14],"14":[1],"15":[70],"16":[3],"17":[67],"18":[44],"19":[23],"20":[19],"21":[29],"22":[15],"23":[4],"24":[5],"25":[1],"26":[1]},"fnMap":{"0":{"name":"getMinLevel","decl":{"start":{"line":57,"column":0},"end":{"line":64,"column":1}},"loc":{"start":{"line":57,"column":0},"end":{"line":64,"column":1}},"line":57},"1":{"name":"<instance_members_initializer>","decl":{"start":{"line":67,"column":19},"end":{"line":68,"column":38}},"loc":{"start":{"line":67,"column":19},"end":{"line":68,"column":38}},"line":67},"2":{"name":"FrontendLogger","decl":{"start":{"line":70,"column":2},"end":{"line":73,"column":3}},"loc":{"start":{"line":70,"column":2},"end":{"line":73,"column":3}},"line":70},"3":{"name":"debug","decl":{"start":{"line":77,"column":2},"end":{"line":79,"column":3}},"loc":{"start":{"line":77,"column":2},"end":{"line":79,"column":3}},"line":77},"4":{"name":"info","decl":{"start":{"line":81,"column":2},"end":{"line":83,"column":3}},"loc":{"start":{"line":81,"column":2},"end":{"line":83,"column":3}},"line":81},"5":{"name":"warn","decl":{"start":{"line":85,"column":2},"end":{"line":87,"column":3}},"loc":{"start":{"line":85,"column":2},"end":{"line":87,"column":3}},"line":85},"6":{"name":"error","decl":{"start":{"line":89,"column":2},"end":{"line":91,"column":3}},"loc":{"start":{"line":89,"column":2},"end":{"line":91,"column":3}},"line":89},"7":{"name":"logApiRequest","decl":{"start":{"line":95,"column":2},"end":{"line":97,"column":3}},"loc":{"start":{"line":95,"column":2},"end":{"line":97,"column":3}},"line":95},"8":{"name":"logApiResponse","decl":{"start":{"line":99,"column":2},"end":{"line":102,"column":3}},"loc":{"start":{"line":99,"column":2},"end":{"line":102,"column":3}},"line":99},"9":{"name":"logUserAction","decl":{"start":{"line":104,"column":2},"end":{"line":106,"column":3}},"loc":{"start":{"line":104,"column":2},"end":{"line":106,"column":3}},"line":104},"10":{"name":"logComponentEvent","decl":{"start":{"line":108,"column":2},"end":{"line":110,"column":3}},"loc":{"start":{"line":108,"column":2},"end":{"line":110,"column":3}},"line":108},"11":{"name":"log","decl":{"start":{"line":114,"column":10},"end":{"line":147,"column":3}},"loc":{"start":{"line":114,"column":10},"end":{"line":147,"column":3}},"line":114},"12":{"name":"getServiceLogger","decl":{"start":{"line":156,"column":7},"end":{"line":158,"column":1}},"loc":{"start":{"line":156,"column":7},"end":{"line":158,"column":1}},"line":156},"13":{"name":"getComponentLogger","decl":{"start":{"line":164,"column":7},"end":{"line":166,"column":1}},"loc":{"start":{"line":164,"column":7},"end":{"line":166,"column":1}},"line":164},"14":{"name":"getApiLogger","decl":{"start":{"line":172,"column":7},"end":{"line":174,"column":1}},"loc":{"start":{"line":172,"column":7},"end":{"line":174,"column":1}},"line":172}},"f":{"0":7,"1":20,"2":20,"3":20,"4":30,"5":14,"6":4,"7":1,"8":2,"9":14,"10":1,"11":70,"12":5,"13":1,"14":1}}
,"/Users/sergio.rodriguez/Projects/Community/AWS/UserGroupCbba/GitHub/ugsys/ugsys-admin-panel/admin-shell/src/utils/secureLogging.ts": {"path":"/Users/sergio.rodriguez/Projects/Community/AWS/UserGroupCbba/GitHub/ugsys/ugsys-admin-panel/admin-shell/src/utils/secureLogging.ts","all":false,"statementMap":{"5":{"start":{"line":6,"column":0},"end":{"line":6,"column":28}},"6":{"start":{"line":7,"column":0},"end":{"line":7,"column":14}},"7":{"start":{"line":8,"column":0},"end":{"line":8,"column":11}},"8":{"start":{"line":9,"column":0},"end":{"line":9,"column":12}},"9":{"start":{"line":10,"column":0},"end":{"line":10,"column":13}},"10":{"start":{"line":11,"column":0},"end":{"line":11,"column":10}},"11":{"start":{"line":12,"column":0},"end":{"line":12,"column":16}},"12":{"start":{"line":13,"column":0},"end":{"line":13,"column":13}},"13":{"start":{"line":14,"column":0},"end":{"line":14,"column":12}},"14":{"start":{"line":15,"column":0},"end":{"line":15,"column":9}},"15":{"start":{"line":16,"column":0},"end":{"line":16,"column":12}},"16":{"start":{"line":17,"column":0},"end":{"line":17,"column":2}},"18":{"start":{"line":19,"column":0},"end":{"line":19,"column":30}},"23":{"start":{"line":24,"column":0},"end":{"line":24,"column":47}},"24":{"start":{"line":25,"column":0},"end":{"line":25,"column":65}},"25":{"start":{"line":26,"column":0},"end":{"line":26,"column":1}},"31":{"start":{"line":32,"column":0},"end":{"line":32,"column":48}},"32":{"start":{"line":33,"column":0},"end":{"line":33,"column":29}},"33":{"start":{"line":34,"column":0},"end":{"line":34,"column":69}},"34":{"start":{"line":35,"column":0},"end":{"line":35,"column":3}},"36":{"start":{"line":37,"column":0},"end":{"line":37,"column":52}},"37":{"start":{"line":38,"column":0},"end":{"line":38,"column":47}},"38":{"start":{"line":39,"column":0},"end":{"line":39,"column":76}},"39":{"start":{"line":40,"column":0},"end":{"line":40,"column":67}},"40":{"start":{"line":41,"column":0},"end":{"line":41,"column":5}},"41":{"start":{"line":42,"column":0},"end":{"line":42,"column":23}},"42":{"start":{"line":43,"column":0},"end":{"line":43,"column":3}},"44":{"start":{"line":45,"column":0},"end":{"line":45,"column":15}},"45":{"start":{"line":46,"column":0},"end":{"line":46,"column":1}},"50":{"start":{"line":51,"column":0},"end":{"line":51,"column":27}},"51":{"start":{"line":52,"column":0},"end":{"line":52,"column":39}},"52":{"start":{"line":53,"column":0},"end":{"line":53,"column":33}},"53":{"start":{"line":54,"column":0},"end":{"line":54,"column":34}},"54":{"start":{"line":55,"column":0},"end":{"line":55,"column":39}},"55":{"start":{"line":56,"column":0},"end":{"line":56,"column":74}},"56":{"start":{"line":57,"column":0},"end":{"line":57,"column":6}},"57":{"start":{"line":58,"column":0},"end":{"line":58,"column":25}},"58":{"start":{"line":59,"column":0},"end":{"line":59,"column":4}},"59":{"start":{"line":60,"column":0},"end":{"line":60,"column":1}},"67":{"start":{"line":68,"column":0},"end":{"line":68,"column":45}},"68":{"start":{"line":69,"column":0},"end":{"line":69,"column":28}},"69":{"start":{"line":70,"column":0},"end":{"line":70,"column":63}},"70":{"start":{"line":71,"column":0},"end":{"line":71,"column":67}},"71":{"start":{"line":72,"column":0},"end":{"line":72,"column":65}},"72":{"start":{"line":73,"column":0},"end":{"line":73,"column":3}},"73":{"start":{"line":74,"column":0},"end":{"line":74,"column":1}}},"s":{"5":1,"6":1,"7":1,"8":1,"9":1,"10":1,"11":1,"12":1,"13":1,"14":1,"15":1,"16":1,"18":1,"23":37,"24":37,"25":37,"31":1,"32":43,"33":3,"34":3,"36":43,"37":21,"38":21,"39":37,"40":37,"41":21,"42":21,"44":19,"45":19,"50":12,"51":12,"52":12,"53":12,"54":4,"55":6,"56":4,"57":4,"58":4,"59":12,"67":1,"68":5,"69":4,"70":4,"71":4,"72":4,"73":5},"branchMap":{"0":{"type":"branch","line":24,"loc":{"start":{"line":24,"column":0},"end":{"line":26,"column":1}},"locations":[{"start":{"line":24,"column":0},"end":{"line":26,"column":1}}]},"1":{"type":"branch","line":25,"loc":{"start":{"line":25,"column":33},"end":{"line":25,"column":63}},"locations":[{"start":{"line":25,"column":33},"end":{"line":25,"column":63}}]},"2":{"type":"branch","line":32,"loc":{"start":{"line":32,"column":7},"end":{"line":46,"column":1}},"locations":[{"start":{"line":32,"column":7},"end":{"line":46,"column":1}}]},"3":{"type":"branch","line":33,"loc":{"start":{"line":33,"column":28},"end":{"line":35,"column":3}},"locations":[{"start":{"line":33,"column":28},"end":{"line":35,"column":3}}]},"4":{"type":"branch","line":35,"loc":{"start":{"line":35,"column":2},"end":{"line":37,"column":24}},"locations":[{"start":{"line":35,"column":2},"end":{"line":37,"column":24}}]},"5":{"type":"branch","line":37,"loc":{"start":{"line":37,"column":16},"end":{"line":37,"column":51}},"locations":[{"start":{"line":37,"column":16},"end":{"line":37,"column":51}}]},"6":{"type":"branch","line":37,"loc":{"start":{"line":37,"column":51},"end":{"line":43,"column":3}},"locations":[{"start":{"line":37,"column":51},"end":{"line":43,"column":3}}]},"7":{"type":"branch","line":39,"loc":{"start":{"line":39,"column":75},"end":{"line":41,"column":5}},"locations":[{"start":{"line":39,"column":75},"end":{"line":41,"column":5}}]},"8":{"type":"branch","line":40,"loc":{"start":{"line":40,"column":34},"end":{"line":40,"column":49}},"locations":[{"start":{"line":40,"column":34},"end":{"line":40,"column":49}}]},"9":{"type":"branch","line":40,"loc":{"start":{"line":40,"column":38},"end":{"line":40,"column":67}},"locations":[{"start":{"line":40,"column":38},"end":{"line":40,"column":67}}]},"10":{"type":"branch","line":43,"loc":{"start":{"line":43,"column":2},"end":{"line":46,"column":1}},"locations":[{"start":{"line":43,"column":2},"end":{"line":46,"column":1}}]},"11":{"type":"branch","line":34,"loc":{"start":{"line":34,"column":21},"end":{"line":34,"column":51}},"locations":[{"start":{"line":34,"column":21},"end":{"line":34,"column":51}}]},"12":{"type":"branch","line":51,"loc":{"start":{"line":51,"column":0},"end":{"line":60,"column":1}},"locations":[{"start":{"line":51,"column":0},"end":{"line":60,"column":1}}]},"13":{"type":"branch","line":54,"loc":{"start":{"line":54,"column":9},"end":{"line":59,"column":4}},"locations":[{"start":{"line":54,"column":9},"end":{"line":59,"column":4}}]},"14":{"type":"branch","line":55,"loc":{"start":{"line":55,"column":31},"end":{"line":56,"column":74}},"locations":[{"start":{"line":55,"column":31},"end":{"line":56,"column":74}}]},"15":{"type":"branch","line":56,"loc":{"start":{"line":56,"column":37},"end":{"line":56,"column":70}},"locations":[{"start":{"line":56,"column":37},"end":{"line":56,"column":70}}]},"16":{"type":"branch","line":56,"loc":{"start":{"line":56,"column":66},"end":{"line":56,"column":74}},"locations":[{"start":{"line":56,"column":66},"end":{"line":56,"column":74}}]},"17":{"type":"branch","line":68,"loc":{"start":{"line":68,"column":7},"end":{"line":74,"column":1}},"locations":[{"start":{"line":68,"column":7},"end":{"line":74,"column":1}}]},"18":{"type":"branch","line":69,"loc":{"start":{"line":69,"column":27},"end":{"line":73,"column":3}},"locations":[{"start":{"line":69,"column":27},"end":{"line":73,"column":3}}]}},"b":{"0":[37],"1":[234],"2":[43],"3":[3],"4":[40],"5":[39],"6":[21],"7":[37],"8":[20],"9":[17],"10":[19],"11":[3],"12":[12],"13":[4],"14":[6],"15":[3],"16":[3],"17":[5],"18":[4]},"fnMap":{"0":{"name":"isSensitiveKey","decl":{"start":{"line":24,"column":0},"end":{"line":26,"column":1}},"loc":{"start":{"line":24,"column":0},"end":{"line":26,"column":1}},"line":24},"1":{"name":"sanitizeObject","decl":{"start":{"line":32,"column":7},"end":{"line":46,"column":1}},"loc":{"start":{"line":32,"column":7},"end":{"line":46,"column":1}},"line":32},"2":{"name":"wrapConsoleMethod","decl":{"start":{"line":51,"column":0},"end":{"line":60,"column":1}},"loc":{"start":{"line":51,"column":0},"end":{"line":60,"column":1}},"line":51},"3":{"name":"enableSecureLogging","decl":{"start":{"line":68,"column":7},"end":{"line":74,"column":1}},"loc":{"start":{"line":68,"column":7},"end":{"line":74,"column":1}},"line":68}},"f":{"0":37,"1":43,"2":12,"3":5}}
}
